
> habexa-frontend@1.0.0 build
> vite build

vite v5.4.21 building for production...
transforming...
✓ 13813 modules transformed.
rendering chunks...
computing gzip size...
dist/index.html                              0.74 kB │ gzip:   0.42 kB
dist/assets/index-Bez2xbze.css               0.38 kB │ gzip:   0.25 kB
dist/assets/check-LRW88GLK.js                0.29 kB │ gzip:   0.24 kB
dist/assets/message-circle-osDtqOVg.js       0.32 kB │ gzip:   0.26 kB
dist/assets/arrow-right-Ciak_tjm.js          0.33 kB │ gzip:   0.27 kB
dist/assets/arrow-left-CSBfPyyP.js           0.33 kB │ gzip:   0.27 kB
dist/assets/clock-CpYHeToi.js                0.35 kB │ gzip:   0.27 kB
dist/assets/check-circle-DccMl6Uc.js         0.36 kB │ gzip:   0.28 kB
dist/assets/x-circle-CM6LODZD.js             0.37 kB │ gzip:   0.28 kB
dist/assets/trending-down-BrQqwte3.js        0.38 kB │ gzip:   0.28 kB
dist/assets/star-BVZswodt.js                 0.38 kB │ gzip:   0.29 kB
dist/assets/external-link-C0U1Th68.js        0.45 kB │ gzip:   0.33 kB
dist/assets/inbox-Ff2IQsQR.js                0.46 kB │ gzip:   0.33 kB
dist/assets/trash-2-CMdECZIP.js              0.53 kB │ gzip:   0.35 kB
dist/assets/NotFound-BksKO0hb.js             0.80 kB │ gzip:   0.47 kB
dist/assets/BillingCancel-CFW94Eim.js        1.01 kB │ gzip:   0.59 kB
dist/assets/plus-Ce53r8zA.js                 1.15 kB │ gzip:   0.67 kB
dist/assets/BillingSuccess-P-LKTCwX.js       1.22 kB │ gzip:   0.72 kB
dist/assets/TableHead-DfNS3it-.js            1.25 kB │ gzip:   0.57 kB
dist/assets/Login-CHTHgXHl.js                1.61 kB │ gzip:   0.83 kB
dist/assets/Register-BvjI4b33.js             2.00 kB │ gzip:   0.98 kB
dist/assets/Container-DCf_4CJr.js            2.10 kB │ gzip:   0.89 kB
dist/assets/SwitchBase-BymON1Oy.js           2.11 kB │ gzip:   1.07 kB
dist/assets/refresh-cw-Dt-uEKm-.js           2.36 kB │ gzip:   1.22 kB
dist/assets/Link-d5Gcg88l.js                 2.38 kB │ gzip:   1.16 kB
dist/assets/Checkbox-YJBIZ0Xw.js             2.51 kB │ gzip:   1.17 kB
dist/assets/Orders-Bt2wa35S.js               2.74 kB │ gzip:   1.19 kB
dist/assets/useThemeProps-gKucurRW.js        3.16 kB │ gzip:   1.45 kB
dist/assets/SupplierFormModal-Du7Pd3YO.js    3.28 kB │ gzip:   1.42 kB
dist/assets/OrderDetails-7XXq-v0d.js         3.37 kB │ gzip:   1.16 kB
dist/assets/Collapse-a6mhRePF.js             3.79 kB │ gzip:   1.50 kB
dist/assets/FormControlLabel-DcP4RVDt.js     4.60 kB │ gzip:   1.98 kB
dist/assets/Deals-BOSwxY2D.js                4.73 kB │ gzip:   1.93 kB
dist/assets/Switch-C8n6EF2m.js               4.94 kB │ gzip:   1.82 kB
dist/assets/Grid-JYeNOOOj.js                 5.07 kB │ gzip:   1.98 kB
dist/assets/Pricing-FYI9fCZv.js              5.40 kB │ gzip:   2.33 kB
dist/assets/TableRow-DKpnzsGP.js             5.88 kB │ gzip:   2.08 kB
dist/assets/LandingPage-B1En1_Dg.js          6.58 kB │ gzip:   2.41 kB
dist/assets/BuyList-BJA2m70J.js              6.59 kB │ gzip:   2.38 kB
dist/assets/Analyze-C1aOLXFY.js              7.08 kB │ gzip:   2.92 kB
dist/assets/Suppliers-CWmVD7gK.js            7.28 kB │ gzip:   2.79 kB
dist/assets/Dashboard-KTsqE3SG.js            8.52 kB │ gzip:   2.96 kB
dist/assets/Debug-BOWQTYji.js                8.84 kB │ gzip:   3.26 kB
dist/assets/Tabs-DUviKOEk.js                15.75 kB │ gzip:   5.66 kB
dist/assets/Slider-BDhxxwG4.js              20.74 kB │ gzip:   6.97 kB
dist/assets/Products-CL2n5UCt.js            31.79 kB │ gzip:   9.66 kB
dist/assets/Settings-q8RTTzsq.js            42.08 kB │ gzip:  11.57 kB
dist/assets/DealDetail-DQBPf1qK.js         425.87 kB │ gzip: 116.91 kB
dist/assets/index-DDnPEUpM.js              703.20 kB │ gzip: 213.49 kB

(!) Some chunks are larger than 500 kB after minification. Consider:
- Using dynamic import() to code-split the application
- Use build.rollupOptions.output.manualChunks to improve chunking: https://rollupjs.org/configuration-options/#output-manualchunks
- Adjust chunk size limit for this warning via build.chunkSizeWarningLimit.
✓ built in 6.74s
